<?xml version="1.0" encoding="UTF-8"?>
<testng-results ignored="0" total="1" passed="1" failed="0" skipped="0">
  <reporter-output>
  </reporter-output>
  <suite started-at="2025-03-26T23:22:07 IST" name="Suite" finished-at="2025-03-26T23:22:19 IST" duration-ms="11849">
    <groups>
    </groups>
    <test started-at="2025-03-26T23:22:07 IST" name="Test" finished-at="2025-03-26T23:22:19 IST" duration-ms="11849">
      <class name="com.qa.testcases.patinfoTest">
        <test-method is-config="true" signature="initialization()[pri:0, instance:com.qa.testcases.patinfoTest@157853da]" started-at="2025-03-26T23:22:07 IST" name="initialization" finished-at="2025-03-26T23:22:18 IST" duration-ms="11459" status="PASS">
          <reporter-output>
          </reporter-output>
        </test-method> <!-- initialization -->
        <test-method signature="Homepage()[pri:0, instance:com.qa.testcases.patinfoTest@157853da]" started-at="2025-03-26T23:22:18 IST" name="Homepage" finished-at="2025-03-26T23:22:18 IST" duration-ms="12" status="PASS">
          <reporter-output>
          </reporter-output>
        </test-method> <!-- Homepage -->
        <test-method is-config="true" signature="tearDown()[pri:0, instance:com.qa.testcases.patinfoTest@157853da]" started-at="2025-03-26T23:22:18 IST" name="tearDown" finished-at="2025-03-26T23:22:19 IST" duration-ms="296" status="PASS">
          <reporter-output>
          </reporter-output>
        </test-method> <!-- tearDown -->
      </class> <!-- com.qa.testcases.patinfoTest -->
    </test> <!-- Test -->
  </suite> <!-- Suite -->
</testng-results>
